<?xml version="1.0" encoding="UTF-8"?>
<!-- Generated by org.testng.reporters.JUnitReportReporter -->
<testsuite hostname="evolkova" name="com.example.tests.GroupCreationTests" tests="2" failures="0" timestamp="2 Jun 2014 14:15:24 GMT" time="2.513" errors="0">
  <testcase name="testNonEmptyGroupCreation" time="1.303" classname="com.example.tests.GroupCreationTests"/>
  <testcase name="testEmptyGroupCreation" time="1.210" classname="com.example.tests.GroupCreationTests"/>
</testsuite> <!-- com.example.tests.GroupCreationTests -->
