<?xml version="1.0" encoding="UTF-8"?>
<!-- Generated by org.testng.reporters.JUnitReportReporter -->
<testsuite hostname="evolkova" name="com.example.tests.AlsoGroupCreationTests" tests="2" failures="0" timestamp="20 May 2014 06:58:39 GMT" time="2.396" errors="0">
  <testcase name="testEmptyGroupCreation" time="1.164" classname="com.example.tests.AlsoGroupCreationTests"/>
  <testcase name="testNonEmptyGroupCreation" time="1.232" classname="com.example.tests.AlsoGroupCreationTests"/>
</testsuite> <!-- com.example.tests.AlsoGroupCreationTests -->
