<?xml version="1.0" encoding="UTF-8"?>
<!-- Generated by org.testng.reporters.JUnitReportReporter -->
<testsuite hostname="evolkova" name="com.example.tests.GroupCreationTests" tests="2" failures="0" timestamp="20 May 2014 06:58:39 GMT" time="3.578" errors="0">
  <testcase name="testEmptyGroupCreation" time="1.848" classname="com.example.tests.GroupCreationTests"/>
  <testcase name="testNonEmptyGroupCreation" time="1.730" classname="com.example.tests.GroupCreationTests"/>
</testsuite> <!-- com.example.tests.GroupCreationTests -->
