<?xml version="1.0" encoding="UTF-8"?>
<!-- Generated by org.testng.reporters.JUnitReportReporter -->
<testsuite hostname="evolkova" name="com.example.tests.AlsoGroupCreationTests" tests="1" failures="0" timestamp="2 Jun 2014 14:15:24 GMT" time="1.158" errors="0">
  <testcase name="testEmptyGroupCreation" time="1.158" classname="com.example.tests.AlsoGroupCreationTests"/>
</testsuite> <!-- com.example.tests.AlsoGroupCreationTests -->
